<?xml version="1.0" encoding="UTF-8"?>
<!-- Generated by org.testng.reporters.JUnitXMLReporter -->
<testsuite ignored="1" hostname="LAPTOP-1H8POQIL" failures="0" tests="1" name="Default test" time="12.479" errors="0" timestamp="2021-10-04T21:32:58 EDT">
  <testcase classname="automationPractice.tests.Fr004B1Tests" name="wind16CanAddProductToCart" time="5.829"/>
  <testcase classname="automationPractice.tests.Fr004B1Tests" name="wind16CanAddProductToWishlist" time="0.0">
    <ignored/>
  </testcase> <!-- wind16CanAddProductToWishlist -->
</testsuite> <!-- Default test -->
